<testsuite errors="0" failures="0" name="Django Project Tests" skips="0" tests="10" time="0.040"><testcase classname="polls.test.QuestionDetailViewTests" name="test_future_question" time="0.009854" /><testcase classname="polls.test.QuestionDetailViewTests" name="test_past_question" time="0.011130" /><testcase classname="polls.test.QuestionIndexViewTests" name="test_future_question" time="0.003531" /><testcase classname="polls.test.QuestionIndexViewTests" name="test_future_question_and_past_question" time="0.002744" /><testcase classname="polls.test.QuestionIndexViewTests" name="test_no_questions" time="0.002101" /><testcase classname="polls.test.QuestionIndexViewTests" name="test_past_question" time="0.002537" /><testcase classname="polls.test.QuestionIndexViewTests" name="test_two_past_questions" time="0.003859" /><testcase classname="polls.test.QuestionModelTests" name="test_was_published_recently_with_future_question" time="0.000129" /><testcase classname="polls.test.QuestionModelTests" name="test_was_published_recently_with_old_question" time="0.000108" /><testcase classname="polls.test.QuestionModelTests" name="test_was_published_recently_with_recent_question" time="0.000085" /></testsuite>